<?xml version="1.0" encoding="UTF-8"?>
<testsuite name="com.mybatis.UserServiceTest" time="10.119" tests="7" errors="0" skipped="5" failures="0">
  <properties>
[...]
</properties>
  <testcase name="testGetPostsByUser" classname="com.mybatis.UserServiceTest" time="0">
    <skipped/>
    <system-out><![CDATA[2016-11-30 15:39:35,410:INFO main (AbstractTestContextBootstrapper.java:319) - Neither @ContextConfiguration nor @ContextHierarchy found for test class [com.mybatis.UserServiceTest], using SpringBootContextLoader
2016-11-30 15:39:35,411:INFO main (AbstractContextLoader.java:264) - Could not detect default resource locations for test class [com.mybatis.UserServiceTest]: no resource found for suffixes {-context.xml, Context.groovy}.
2016-11-30 15:39:35,413:INFO main (AnnotationConfigContextLoaderUtils.java:81) - Could not detect default configuration classes for test class [com.mybatis.UserServiceTest]: UserServiceTest does not declare any static, non-private, non-final, nested classes annotated with @Configuration.
2016-11-30 15:39:35,417:INFO main (SpringBootTestContextBootstrapper.java:160) - Found @SpringBootConfiguration com.MySpringBootApplication for test class com.mybatis.UserServiceTest
2016-11-30 15:39:35,422:INFO main (AbstractTestContextBootstrapper.java:260) - Loaded default TestExecutionListener class names from location [META-INF/spring.factories]: [org.springframework.boot.test.mock.mockito.MockitoTestExecutionListener, org.springframework.boot.test.mock.mockito.ResetMocksTestExecutionListener, org.springframework.boot.test.autoconfigure.AutoConfigureReportTestExecutionListener, org.springframework.boot.test.autoconfigure.restdocs.RestDocsTestExecutionListener, org.springframework.boot.test.autoconfigure.web.client.MockRestServiceServerResetTestExecutionListener, org.springframework.test.context.web.ServletTestExecutionListener, org.springframework.test.context.support.DirtiesContextBeforeModesTestExecutionListener, org.springframework.test.context.support.DependencyInjectionTestExecutionListener, org.springframework.test.context.support.DirtiesContextTestExecutionListener, org.springframework.test.context.transaction.TransactionalTestExecutionListener, org.springframework.test.context.jdbc.SqlScriptsTestExecutionListener]
2016-11-30 15:39:35,424:INFO main (AbstractTestContextBootstrapper.java:187) - Using TestExecutionListeners: [org.springframework.test.context.web.ServletTestExecutionListener@7e41619d, org.springframework.test.context.support.DirtiesContextBeforeModesTestExecutionListener@49e11ca7, org.springframework.boot.test.autoconfigure.AutoConfigureReportTestExecutionListener@30bb4248, org.springframework.test.context.support.DependencyInjectionTestExecutionListener@65beeceb, org.springframework.test.context.support.DirtiesContextTestExecutionListener@10063448, org.springframework.test.context.transaction.TransactionalTestExecutionListener@51c316cb, org.springframework.test.context.jdbc.SqlScriptsTestExecutionListener@3b00a7b9, org.springframework.boot.test.autoconfigure.restdocs.RestDocsTestExecutionListener@29cbdd86, org.springframework.boot.test.autoconfigure.web.client.MockRestServiceServerResetTestExecutionListener@84e1883, org.springframework.boot.test.mock.mockito.ResetMocksTestExecutionListener@41f2320f, org.springframework.boot.test.mock.mockito.MockitoTestExecutionListener@7f7168e7]
]]></system-out>
  </testcase>
  <testcase name="testGetAllUsers" classname="com.mybatis.UserServiceTest" time="0">
    <skipped/>
  </testcase>
  <testcase name="testUpdateUser" classname="com.mybatis.UserServiceTest" time="0">
    <skipped/>
  </testcase>
  <testcase name="testInsertUsers" classname="com.mybatis.UserServiceTest" time="0">
    <skipped/>
  </testcase>
  <testcase name="testDeleteUser" classname="com.mybatis.UserServiceTest" time="0">
    <skipped/>
  </testcase>
  <testcase name="testGetUserById" classname="com.mybatis.UserServiceTest" time="0.018"/>
  <testcase name="localCacheTest" classname="com.mybatis.UserServiceTest" time="10.101"/>
</testsuite>